<?xml version="1.0" encoding="UTF-8"?>
<testsuite xmlns:xsi="http://www.w3.org/2001/XMLSchema-instance" xsi:noNamespaceSchemaLocation="https://maven.apache.org/surefire/maven-surefire-plugin/xsd/surefire-test-report-3.0.xsd" version="3.0" name="com.example.resource.ResourceServerApplicationTests" time="5.617" tests="3" errors="0" skipped="0" failures="0">
  <properties>
[...]
</properties>
  <testcase name="getallinfo" classname="com.example.resource.ResourceServerApplicationTests" time="1.044">
    <system-out><![CDATA[Standard Commons Logging discovery in action with spring-jcl: please remove commons-logging.jar from classpath in order to avoid potential conflicts
20:31:05.312 [main] INFO org.springframework.test.context.support.AnnotationConfigContextLoaderUtils -- Could not detect default configuration classes for test class [com.example.resource.ResourceServerApplicationTests]: ResourceServerApplicationTests does not declare any static, non-private, non-final, nested classes annotated with @Configuration.
20:31:05.417 [main] INFO org.springframework.boot.test.context.SpringBootTestContextBootstrapper -- Found @SpringBootConfiguration com.example.resource.ResourceServerApplication for test class com.example.resource.ResourceServerApplicationTests

  .   ____          _            __ _ _
 /\\ / ___'_ __ _ _(_)_ __  __ _ \ \ \ \
( ( )\___ | '_ | '_| | '_ \/ _` | \ \ \ \
 \\/  ___)| |_)| | | | | || (_| |  ) ) ) )
  '  |____| .__|_| |_|_| |_\__, | / / / /
 =========|_|==============|___/=/_/_/_/
 :: Spring Boot ::                (v3.1.2)

2023-08-29T20:31:05.907+08:00  INFO 24772 --- [           main] c.e.r.ResourceServerApplicationTests     : Starting ResourceServerApplicationTests using Java 17.0.8 with PID 24772 (started by wjc in C:\Users\wjc\Desktop\新建文件夹 (3)\ResourceRecruit)
2023-08-29T20:31:05.908+08:00  INFO 24772 --- [           main] c.e.r.ResourceServerApplicationTests     : No active profile set, falling back to 1 default profile: "default"
2023-08-29T20:31:06.424+08:00  INFO 24772 --- [           main] .s.d.r.c.RepositoryConfigurationDelegate : Multiple Spring Data modules found, entering strict repository configuration mode
2023-08-29T20:31:06.424+08:00  INFO 24772 --- [           main] .s.d.r.c.RepositoryConfigurationDelegate : Bootstrapping Spring Data Redis repositories in DEFAULT mode.
2023-08-29T20:31:06.449+08:00  INFO 24772 --- [           main] .s.d.r.c.RepositoryConfigurationDelegate : Finished Spring Data repository scanning in 8 ms. Found 0 Redis repository interfaces.
2023-08-29T20:31:06.598+08:00  INFO 24772 --- [           main] .s.d.r.c.RepositoryConfigurationDelegate : Multiple Spring Data modules found, entering strict repository configuration mode
2023-08-29T20:31:06.599+08:00  INFO 24772 --- [           main] .s.d.r.c.RepositoryConfigurationDelegate : Bootstrapping Spring Data Redis repositories in DEFAULT mode.
2023-08-29T20:31:06.603+08:00  INFO 24772 --- [           main] .s.d.r.c.RepositoryConfigurationDelegate : Finished Spring Data repository scanning in 4 ms. Found 0 Redis repository interfaces.
Logging initialized using 'class org.apache.ibatis.logging.stdout.StdOutImpl' adapter.
Current HttpServletRequest
2023-08-29T20:31:08.640+08:00  INFO 24772 --- [           main] o.s.s.web.DefaultSecurityFilterChain     : Will secure any request with [org.springframework.security.web.session.DisableEncodeUrlFilter@5e7cd0df, org.springframework.security.web.context.request.async.WebAsyncManagerIntegrationFilter@900649e, org.springframework.security.web.context.SecurityContextHolderFilter@559e3f67, org.springframework.security.web.header.HeaderWriterFilter@77f03916, org.springframework.web.filter.CorsFilter@8b89b3a, org.springframework.security.web.csrf.CsrfFilter@459d2ee6, org.springframework.security.web.authentication.logout.LogoutFilter@58ec8271, org.springframework.security.oauth2.server.resource.web.authentication.BearerTokenAuthenticationFilter@1fc3df43, org.springframework.security.web.savedrequest.RequestCacheAwareFilter@72f24a84, org.springframework.security.web.servletapi.SecurityContextHolderAwareRequestFilter@49d543a9, org.springframework.security.web.authentication.AnonymousAuthenticationFilter@526893f, org.springframework.security.web.access.ExceptionTranslationFilter@6d7865d6, org.springframework.security.web.access.intercept.AuthorizationFilter@5d32c1c7]
2023-08-29T20:31:09.682+08:00  INFO 24772 --- [           main] c.e.r.ResourceServerApplicationTests     : Started ResourceServerApplicationTests in 4.117 seconds (process running for 5.088)
Creating a new SqlSession
SqlSession [org.apache.ibatis.session.defaults.DefaultSqlSession@78c23ade] was not registered for synchronization because synchronization is not active
2023-08-29T20:31:10.408+08:00  INFO 24772 --- [           main] com.zaxxer.hikari.HikariDataSource       : HikariPool-1 - Starting...
2023-08-29T20:31:10.680+08:00  INFO 24772 --- [           main] com.zaxxer.hikari.pool.HikariPool        : HikariPool-1 - Added connection com.mysql.cj.jdbc.ConnectionImpl@16269ff4
2023-08-29T20:31:10.682+08:00  INFO 24772 --- [           main] com.zaxxer.hikari.HikariDataSource       : HikariPool-1 - Start completed.
JDBC Connection [HikariProxyConnection@1711152967 wrapping com.mysql.cj.jdbc.ConnectionImpl@16269ff4] will not be managed by Spring
==>  Preparing: select count(*) from department where department_id=?;
==> Parameters: 1(String)
<==    Columns: count(*)
<==        Row: 0
<==      Total: 1
Closing non transactional SqlSession [org.apache.ibatis.session.defaults.DefaultSqlSession@78c23ade]
]]></system-out>
    <system-err><![CDATA[SLF4J: Class path contains multiple SLF4J providers.
SLF4J: Found provider [ch.qos.logback.classic.spi.LogbackServiceProvider@561b6512]
SLF4J: Found provider [org.slf4j.reload4j.Reload4jServiceProvider@2e377400]
SLF4J: See https://www.slf4j.org/codes.html#multiple_bindings for an explanation.
SLF4J: Actual provider is of type [ch.qos.logback.classic.spi.LogbackServiceProvider@561b6512]
]]></system-err>
  </testcase>
  <testcase name="stream" classname="com.example.resource.ResourceServerApplicationTests" time="0.004"/>
  <testcase name="contextLoads" classname="com.example.resource.ResourceServerApplicationTests" time="0.001"/>
</testsuite>